{
  "RSpec": {
    "coverage": {
      "/Users/bagus/websites/megabar/lib/mega_bar.rb": [
        1,
        null,
        1,
        null,
        1,
        0,
        null,
        null,
        null
      ],
      "/Users/bagus/websites/megabar/lib/mega_bar/engine.rb": [
        1,
        1,
        1,
        1,
        null,
        null,
        1,
        1,
        0,
        0,
        null,
        null,
        null,
        null,
        1,
        1,
        null,
        1,
        1,
        1,
        1,
        1,
        null,
        null,
        null,
        null,
        null,
        null,
        null
      ],
      "/Users/bagus/websites/megabar/spec/internal/db/schema.rb": [
        null,
        null,
        null,
        null,
        null,
        null,
        null,
        null,
        null,
        null,
        null,
        null,
        null,
        1,
        null,
        1,
        1,
        1,
        1,
        1,
        1,
        1,
        1,
        null,
        null,
        1,
        1,
        1,
        1,
        1,
        1,
        1,
        1,
        null,
        null,
        1,
        1,
        1,
        1,
        1,
        1,
        1,
        null,
        null,
        1,
        1,
        1,
        1,
        1,
        1,
        1,
        1,
        1,
        null,
        null,
        1,
        1,
        1,
        1,
        1,
        1,
        null,
        null,
        1,
        1,
        1,
        1,
        null,
        null,
        1,
        1,
        1,
        1,
        1,
        null,
        null,
        1,
        1,
        1,
        1,
        1,
        1,
        1,
        null,
        null,
        1,
        1,
        1,
        1,
        1,
        1,
        1,
        1,
        null,
        null,
        1,
        1,
        1,
        1,
        1,
        1,
        1,
        1,
        null,
        null,
        1,
        1,
        1,
        1,
        1,
        1,
        1,
        null,
        null,
        1,
        1,
        1,
        1,
        1,
        1,
        1,
        1,
        1,
        null,
        null,
        1,
        1,
        1,
        1,
        1,
        1,
        null,
        null,
        1,
        1,
        1,
        1,
        null,
        null,
        1,
        1,
        1,
        1,
        1,
        null,
        null,
        1,
        1,
        1,
        1,
        1,
        1,
        1,
        null,
        null,
        1,
        1,
        1,
        1,
        null,
        null,
        null
      ],
      "/Users/bagus/websites/megabar/db/migrate/20150206235040_add_module_to_mega_bar_models.rb": [
        1,
        1,
        1,
        null,
        null
      ],
      "/Users/bagus/websites/megabar/db/migrate/20150206235044_add_module_to_tmp_mega_bar_models.rb": [
        1,
        1,
        1,
        null,
        null
      ],
      "/Users/bagus/websites/megabar/db/migrate/20150208061838_fix_model_module_field.rb": [
        1,
        1,
        1,
        1,
        null,
        null,
        null,
        null
      ],
      "/Users/bagus/websites/megabar/db/migrate/20150208182050_create_mega_bar_model_display_formats.rb": [
        1,
        1,
        1,
        1,
        1,
        1,
        1,
        1,
        1,
        1,
        1,
        1,
        1,
        1,
        1,
        null,
        null,
        null
      ],
      "/Users/bagus/websites/megabar/db/migrate/20150208182051_create_mega_bar_tmp_model_display_formats.rb": [
        1,
        1,
        1,
        1,
        1,
        1,
        1,
        1,
        1,
        1,
        1,
        1,
        1,
        1,
        1,
        null,
        null,
        null
      ],
      "/Users/bagus/websites/megabar/spec/internal/factories/field.rb": [
        null,
        null,
        1,
        1,
        1,
        1,
        1,
        1,
        1,
        1,
        1,
        1,
        null,
        null,
        null
      ],
      "/Users/bagus/websites/megabar/app/models/mega_bar/field.rb": [
        1,
        1,
        1,
        1,
        1,
        1,
        1,
        1,
        1,
        1,
        1,
        1,
        null,
        93,
        null,
        1,
        null,
        1,
        0,
        0,
        0,
        0,
        0,
        0,
        null,
        1,
        0,
        0,
        0,
        0,
        0,
        0,
        0,
        0,
        0,
        0,
        0,
        null,
        null,
        1,
        null,
        null,
        1,
        null,
        0,
        null,
        0,
        0,
        null,
        1,
        193,
        null,
        null,
        null
      ],
      "/Users/bagus/websites/megabar/spec/internal/factories/field_display.rb": [
        null,
        null,
        1,
        1,
        1,
        1,
        1,
        1,
        1,
        null,
        null
      ],
      "/Users/bagus/websites/megabar/app/models/mega_bar/field_display.rb": [
        1,
        1,
        1,
        1,
        1,
        1,
        1,
        1,
        null,
        194,
        1,
        1,
        1,
        17,
        17,
        17,
        17,
        17,
        17,
        17,
        17,
        17,
        0,
        0,
        null,
        null,
        17,
        17,
        17,
        null,
        null,
        null,
        null
      ],
      "/Users/bagus/websites/megabar/spec/internal/factories/model.rb": [
        null,
        null,
        1,
        1,
        1,
        1,
        1,
        1,
        1,
        1,
        1,
        1,
        1,
        1,
        1,
        1,
        1,
        0,
        0,
        null,
        null,
        null,
        null
      ],
      "/Users/bagus/websites/megabar/app/models/mega_bar/model.rb": [
        1,
        1,
        1,
        1,
        1,
        1,
        null,
        null,
        1,
        1,
        1,
        1,
        1,
        null,
        1,
        1,
        1,
        null,
        1,
        1,
        null,
        1,
        null,
        1,
        null,
        1,
        124,
        124,
        124,
        124,
        124,
        124,
        124,
        0,
        null,
        null,
        null,
        1,
        null,
        0,
        0,
        0,
        0,
        null,
        null,
        1,
        null,
        0,
        0,
        null,
        0,
        null,
        null,
        1,
        121,
        118,
        118,
        118,
        118,
        118,
        118,
        118,
        null,
        null,
        null,
        1,
        121,
        null,
        null,
        1,
        239,
        null,
        null,
        null
      ],
      "/Users/bagus/websites/megabar/app/models/mega_bar/mega_bar_model_concern.rb": [
        1,
        1,
        1,
        1,
        0,
        0,
        0,
        null,
        0,
        null,
        0,
        null,
        0,
        null,
        0,
        null,
        null,
        null,
        null,
        null
      ],
      "/Users/bagus/websites/megabar/spec/internal/factories/model_display.rb": [
        null,
        null,
        1,
        1,
        1,
        1,
        1,
        1,
        null,
        null
      ],
      "/Users/bagus/websites/megabar/app/models/mega_bar/model_display.rb": [
        1,
        1,
        1,
        1,
        1,
        1,
        null,
        529,
        529,
        null,
        null,
        null
      ],
      "/Users/bagus/websites/megabar/spec/internal/factories/model_display_format.rb": [
        1,
        1,
        1,
        null,
        null
      ],
      "/Users/bagus/websites/megabar/app/models/mega_bar/model_display_format.rb": [
        null,
        1,
        null,
        1,
        null,
        null,
        null,
        null
      ],
      "/Users/bagus/websites/megabar/spec/internal/factories/sand.rb": [
        1,
        1,
        1,
        null,
        null
      ],
      "/Users/bagus/websites/megabar/app/models/mega_bar/sand.rb": [
        null,
        1,
        null,
        1,
        null,
        null,
        null,
        null
      ],
      "/Users/bagus/websites/megabar/spec/internal/factories/select.rb": [
        null,
        null,
        1,
        1,
        1,
        null,
        null
      ],
      "/Users/bagus/websites/megabar/app/models/mega_bar/select.rb": [
        1,
        1,
        1,
        18,
        1,
        0,
        null,
        null,
        null
      ],
      "/Users/bagus/websites/megabar/spec/internal/factories/textbox.rb": [
        null,
        null,
        1,
        1,
        1,
        1,
        null,
        null
      ],
      "/Users/bagus/websites/megabar/app/models/mega_bar/textbox.rb": [
        1,
        1,
        1,
        18,
        1,
        1,
        null,
        null,
        null
      ],
      "/Users/bagus/websites/megabar/spec/internal/factories/textread.rb": [
        null,
        null,
        1,
        1,
        1,
        1,
        1,
        1,
        1,
        null,
        null
      ],
      "/Users/bagus/websites/megabar/app/models/mega_bar/textread.rb": [
        1,
        1,
        1,
        18,
        1,
        16,
        null,
        null,
        null,
        null
      ],
      "/Users/bagus/websites/megabar/spec/internal/factories/vow.rb": [
        1,
        1,
        1,
        null,
        null
      ],
      "/Users/bagus/websites/megabar/app/models/mega_bar/vow.rb": [
        null,
        1,
        null,
        1,
        null,
        null,
        null,
        null
      ],
      "/Users/bagus/websites/megabar/spec/internal/config/routes.rb": [
        1,
        null,
        1,
        null,
        null
      ],
      "/Users/bagus/websites/megabar/config/routes.rb": [
        1,
        null,
        1,
        null,
        null,
        null,
        null,
        null,
        null,
        null,
        null,
        null,
        null,
        null,
        1,
        1,
        1,
        1,
        1,
        1,
        1,
        1,
        null
      ],
      "/Users/bagus/websites/megabar/app/controllers/mega_bar/mega_bar_concern.rb": [
        1,
        1,
        1,
        null,
        1,
        32,
        null,
        1,
        32,
        null,
        1,
        32,
        null,
        null,
        1,
        null,
        null,
        null,
        null,
        32,
        32,
        1,
        1,
        1,
        0,
        0,
        null,
        0,
        0,
        null,
        null,
        1,
        1,
        null,
        null,
        null,
        null,
        null,
        null,
        1,
        null,
        32,
        null,
        null,
        1,
        null,
        null,
        8,
        8,
        8,
        null,
        null,
        1,
        8,
        8,
        8,
        8,
        null,
        null,
        1,
        8,
        8,
        8,
        null,
        null,
        1,
        8,
        8,
        8,
        null,
        null,
        1,
        38,
        38,
        38,
        48,
        24,
        null,
        28,
        14,
        null,
        null,
        null,
        null,
        null,
        1,
        37,
        37,
        37,
        37,
        46,
        23,
        null,
        28,
        14,
        null,
        null,
        null,
        1,
        16,
        16,
        16,
        16,
        32,
        16,
        null,
        null,
        null,
        1,
        1,
        null,
        1,
        null,
        null,
        null,
        0,
        null,
        null,
        null,
        0,
        null,
        null,
        null,
        0,
        null,
        null,
        null,
        1,
        10,
        null,
        1,
        10,
        null,
        null,
        1,
        2,
        null,
        1,
        126,
        126,
        252,
        null,
        126,
        null,
        null,
        null
      ],
      "/Users/bagus/websites/megabar/spec/controllers/field_displays_controller_spec.rb": [
        1,
        1,
        null,
        null,
        null,
        null,
        null,
        null,
        null,
        null,
        null,
        null,
        null,
        null,
        null,
        null,
        null,
        null,
        null,
        null,
        1,
        null,
        null,
        null,
        null,
        1,
        1,
        1,
        1,
        1,
        null,
        null,
        null,
        null,
        null,
        1,
        13,
        13,
        null,
        null,
        1,
        4,
        4,
        null,
        null,
        null,
        null,
        null,
        17,
        1,
        1,
        4,
        null,
        1,
        4,
        null,
        1,
        1,
        1,
        1,
        1,
        null,
        null,
        null,
        1,
        1,
        1,
        1,
        1,
        null,
        null,
        1,
        1,
        1,
        1,
        null,
        null,
        null,
        1,
        1,
        1,
        1,
        1,
        null,
        null,
        null,
        1,
        1,
        10,
        10,
        10,
        10,
        null,
        1,
        10,
        10,
        null,
        1,
        1,
        1,
        null,
        1,
        1,
        null,
        null,
        null,
        1,
        1,
        1,
        1,
        null,
        null,
        1,
        1,
        1,
        null,
        null,
        null,
        1,
        1,
        1,
        1,
        null,
        null,
        1,
        1,
        1,
        null,
        null,
        null,
        null,
        1,
        1,
        1,
        1,
        1,
        null,
        null,
        1,
        1,
        1,
        1,
        1,
        null,
        null,
        1,
        1,
        1,
        1,
        null,
        null,
        1,
        1,
        1,
        1,
        null,
        null,
        null,
        1,
        1,
        1,
        1,
        1,
        null,
        null,
        1,
        1,
        1,
        1,
        null,
        null,
        null,
        null,
        null,
        1,
        1,
        1,
        1,
        1,
        null,
        null,
        null,
        1,
        1,
        1,
        1,
        null,
        null,
        null,
        null,
        null
      ],
      "/Users/bagus/websites/megabar/app/controllers/mega_bar/field_displays_controller.rb": [
        1,
        1,
        1,
        null,
        null
      ],
      "/Users/bagus/websites/megabar/app/controllers/mega_bar/application_controller.rb": [
        1,
        1,
        null,
        null,
        1,
        1,
        1,
        123,
        null,
        33,
        33,
        33,
        1,
        null,
        1,
        123,
        123,
        123,
        123,
        null,
        null,
        1,
        75,
        75,
        180,
        null,
        75,
        null,
        null,
        null
      ],
      "/Users/bagus/websites/megabar/app/helpers/mega_bar/application_helper.rb": [
        1,
        1,
        1,
        0,
        0,
        0,
        0,
        null,
        null,
        1,
        null,
        null,
        null,
        null,
        null,
        null,
        null,
        0,
        0,
        null,
        null,
        null,
        1,
        null,
        0,
        0,
        null,
        0,
        null,
        null,
        null,
        0,
        null,
        null,
        null,
        0,
        null,
        null,
        null,
        null,
        0,
        null,
        null,
        null,
        null,
        null,
        0,
        null,
        null,
        1,
        null,
        null,
        null,
        null
      ],
      "/Users/bagus/websites/megabar/app/helpers/mega_bar/fields_helper.rb": [
        1,
        1,
        1,
        0,
        null,
        0,
        0,
        0,
        0,
        null,
        null,
        null,
        null
      ],
      "/Users/bagus/websites/megabar/app/helpers/mega_bar/models_helper.rb": [
        1,
        1,
        1,
        0,
        null,
        0,
        0,
        0,
        0,
        null,
        null,
        null,
        null
      ],
      "/Users/bagus/websites/megabar/spec/controllers/fields_controller_spec.rb": [
        1,
        1,
        null,
        null,
        null,
        null,
        null,
        null,
        null,
        null,
        null,
        null,
        null,
        null,
        null,
        null,
        null,
        null,
        null,
        null,
        1,
        null,
        null,
        null,
        null,
        1,
        1,
        1,
        1,
        1,
        1,
        13,
        null,
        13,
        null,
        null,
        1,
        null,
        4,
        4,
        null,
        null,
        null,
        null,
        null,
        17,
        1,
        1,
        4,
        null,
        1,
        4,
        4,
        null,
        1,
        1,
        1,
        1,
        1,
        null,
        null,
        null,
        1,
        1,
        1,
        1,
        1,
        null,
        null,
        1,
        1,
        1,
        1,
        null,
        null,
        null,
        1,
        1,
        1,
        1,
        1,
        null,
        null,
        null,
        null,
        1,
        1,
        10,
        10,
        10,
        10,
        null,
        1,
        10,
        10,
        null,
        1,
        1,
        1,
        null,
        1,
        1,
        null,
        null,
        null,
        1,
        1,
        1,
        1,
        null,
        null,
        1,
        1,
        1,
        null,
        null,
        null,
        1,
        1,
        1,
        1,
        null,
        null,
        1,
        1,
        1,
        null,
        null,
        null,
        null,
        1,
        1,
        1,
        1,
        1,
        null,
        1,
        1,
        1,
        1,
        1,
        null,
        null,
        1,
        null,
        1,
        1,
        1,
        null,
        null,
        1,
        1,
        1,
        1,
        null,
        null,
        null,
        1,
        1,
        1,
        1,
        1,
        null,
        null,
        1,
        1,
        1,
        1,
        null,
        null,
        null,
        null,
        1,
        1,
        1,
        1,
        1,
        null,
        null,
        null,
        1,
        1,
        1,
        1,
        1,
        null,
        null,
        null,
        null,
        null
      ],
      "/Users/bagus/websites/megabar/app/controllers/mega_bar/fields_controller.rb": [
        1,
        1,
        1,
        null,
        null
      ],
      "/Users/bagus/websites/megabar/spec/controllers/model_display_formats_controller_spec.rb": [
        null,
        1,
        null,
        1,
        1,
        null,
        null,
        null,
        null,
        null,
        null,
        null,
        null,
        null,
        null,
        null,
        null,
        null,
        null,
        null,
        null,
        null,
        null,
        1,
        null,
        null,
        null,
        null,
        1,
        1,
        null,
        null,
        null,
        null,
        null,
        null,
        null,
        null,
        null,
        null,
        null,
        null,
        null,
        null,
        null,
        null,
        null,
        null,
        1,
        10,
        10,
        null,
        null,
        1,
        null,
        0,
        0,
        null,
        null,
        null,
        null,
        12,
        1,
        1,
        4,
        null,
        1,
        4,
        null,
        1,
        1,
        1,
        1,
        1,
        null,
        null,
        null,
        1,
        1,
        1,
        1,
        1,
        null,
        null,
        1,
        1,
        1,
        1,
        null,
        null,
        null,
        1,
        1,
        1,
        1,
        1,
        null,
        null,
        null,
        1,
        1,
        10,
        10,
        null,
        null,
        1,
        10,
        10,
        null,
        1,
        1,
        1,
        1,
        1,
        null,
        null,
        null,
        1,
        1,
        1,
        1,
        null,
        null,
        1,
        1,
        1,
        null,
        null,
        null,
        1,
        1,
        1,
        0,
        0,
        null,
        null,
        1,
        1,
        0,
        0,
        null,
        null,
        null,
        null,
        1,
        1,
        1,
        0,
        0,
        null,
        null,
        1,
        1,
        0,
        0,
        0,
        0,
        null,
        null,
        1,
        1,
        1,
        1,
        null,
        null,
        1,
        1,
        1,
        1,
        null,
        null,
        null,
        1,
        1,
        1,
        0,
        0,
        0,
        null,
        null,
        1,
        1,
        0,
        0,
        0,
        null,
        null,
        null,
        null,
        null,
        1,
        1,
        1,
        1,
        1,
        null,
        null,
        null,
        1,
        1,
        1,
        1,
        null,
        null,
        null,
        null,
        null,
        null
      ],
      "/Users/bagus/websites/megabar/app/controllers/mega_bar/model_display_formats_controller.rb": [
        null,
        1,
        null,
        null,
        1,
        1,
        null,
        null,
        null,
        null
      ],
      "/Users/bagus/websites/megabar/spec/controllers/model_displays_controller_spec.rb": [
        1,
        1,
        null,
        null,
        null,
        null,
        null,
        null,
        null,
        null,
        null,
        null,
        null,
        null,
        null,
        null,
        null,
        null,
        null,
        null,
        1,
        null,
        null,
        null,
        null,
        1,
        1,
        1,
        1,
        1,
        null,
        1,
        13,
        13,
        null,
        null,
        1,
        4,
        4,
        null,
        null,
        null,
        null,
        null,
        17,
        1,
        1,
        4,
        4,
        null,
        1,
        4,
        4,
        null,
        null,
        1,
        1,
        1,
        1,
        1,
        null,
        null,
        null,
        1,
        1,
        1,
        1,
        1,
        null,
        null,
        1,
        1,
        1,
        1,
        null,
        null,
        null,
        1,
        1,
        1,
        1,
        1,
        null,
        null,
        null,
        1,
        1,
        10,
        10,
        10,
        10,
        10,
        null,
        1,
        10,
        10,
        10,
        null,
        1,
        1,
        1,
        null,
        1,
        1,
        null,
        null,
        null,
        1,
        1,
        1,
        1,
        null,
        null,
        1,
        1,
        1,
        null,
        null,
        null,
        1,
        1,
        1,
        1,
        null,
        null,
        1,
        1,
        1,
        null,
        null,
        null,
        null,
        1,
        1,
        1,
        1,
        1,
        null,
        null,
        1,
        1,
        1,
        1,
        1,
        null,
        null,
        1,
        1,
        1,
        1,
        null,
        null,
        1,
        1,
        1,
        1,
        null,
        null,
        null,
        1,
        1,
        1,
        1,
        1,
        null,
        null,
        1,
        1,
        1,
        1,
        null,
        null,
        null,
        null,
        null,
        1,
        1,
        1,
        1,
        1,
        null,
        null,
        null,
        1,
        1,
        1,
        1,
        null,
        null,
        null,
        null,
        null
      ],
      "/Users/bagus/websites/megabar/app/controllers/mega_bar/model_displays_controller.rb": [
        1,
        1,
        1,
        null,
        null
      ],
      "/Users/bagus/websites/megabar/spec/controllers/models_controller_spec.rb": [
        1,
        1,
        null,
        null,
        null,
        null,
        null,
        null,
        null,
        null,
        null,
        null,
        null,
        null,
        null,
        null,
        null,
        null,
        null,
        null,
        1,
        null,
        null,
        null,
        null,
        1,
        1,
        1,
        1,
        1,
        null,
        1,
        13,
        13,
        null,
        null,
        1,
        4,
        4,
        null,
        null,
        null,
        null,
        null,
        17,
        null,
        1,
        1,
        1,
        1,
        1,
        null,
        null,
        null,
        1,
        1,
        1,
        1,
        1,
        null,
        null,
        1,
        1,
        1,
        1,
        1,
        1,
        null,
        null,
        null,
        1,
        1,
        1,
        1,
        1,
        null,
        null,
        1,
        1,
        10,
        10,
        null,
        1,
        10,
        null,
        1,
        1,
        1,
        1,
        1,
        null,
        null,
        null,
        1,
        1,
        1,
        1,
        null,
        null,
        1,
        1,
        1,
        null,
        null,
        null,
        1,
        1,
        1,
        1,
        null,
        null,
        1,
        1,
        1,
        null,
        null,
        null,
        null,
        null,
        null,
        1,
        1,
        1,
        1,
        1,
        null,
        null,
        1,
        1,
        1,
        1,
        1,
        null,
        null,
        1,
        null,
        1,
        1,
        1,
        null,
        null,
        1,
        1,
        1,
        1,
        null,
        null,
        null,
        1,
        1,
        1,
        1,
        1,
        null,
        null,
        1,
        1,
        1,
        1,
        null,
        null,
        null,
        null,
        1,
        1,
        1,
        1,
        1,
        null,
        null,
        null,
        1,
        1,
        1,
        1,
        1,
        null,
        null,
        null,
        null,
        null
      ],
      "/Users/bagus/websites/megabar/app/controllers/mega_bar/models_controller.rb": [
        1,
        1,
        1,
        null,
        null
      ],
      "/Users/bagus/websites/megabar/spec/controllers/selects_controller_spec.rb": [
        1,
        1,
        null,
        null,
        null,
        null,
        null,
        null,
        null,
        null,
        null,
        null,
        null,
        null,
        null,
        null,
        null,
        null,
        null,
        null,
        1,
        null,
        null,
        null,
        null,
        1,
        1,
        1,
        1,
        1,
        null,
        1,
        13,
        13,
        null,
        null,
        1,
        4,
        4,
        null,
        null,
        null,
        null,
        null,
        17,
        1,
        1,
        4,
        null,
        1,
        4,
        null,
        1,
        1,
        1,
        1,
        1,
        null,
        null,
        null,
        1,
        1,
        1,
        1,
        1,
        null,
        null,
        1,
        1,
        1,
        1,
        null,
        null,
        null,
        1,
        1,
        1,
        1,
        1,
        null,
        null,
        null,
        1,
        1,
        10,
        10,
        10,
        null,
        1,
        10,
        10,
        null,
        1,
        1,
        1,
        null,
        1,
        1,
        null,
        null,
        null,
        1,
        1,
        1,
        1,
        null,
        null,
        1,
        1,
        1,
        null,
        null,
        null,
        1,
        1,
        1,
        1,
        null,
        null,
        1,
        1,
        1,
        null,
        null,
        null,
        null,
        1,
        1,
        1,
        1,
        1,
        null,
        null,
        1,
        1,
        1,
        1,
        1,
        null,
        null,
        1,
        1,
        1,
        1,
        null,
        null,
        1,
        1,
        1,
        1,
        null,
        null,
        null,
        1,
        1,
        1,
        1,
        1,
        null,
        null,
        1,
        1,
        1,
        1,
        null,
        null,
        null,
        null,
        null,
        1,
        1,
        1,
        1,
        1,
        null,
        null,
        null,
        1,
        1,
        1,
        1,
        null,
        null,
        null,
        null,
        null
      ],
      "/Users/bagus/websites/megabar/app/controllers/mega_bar/selects_controller.rb": [
        null,
        1,
        1,
        1,
        null,
        null
      ],
      "/Users/bagus/websites/megabar/spec/controllers/textboxes_controller_spec.rb": [
        1,
        1,
        null,
        null,
        null,
        null,
        null,
        null,
        null,
        null,
        null,
        null,
        null,
        null,
        null,
        null,
        null,
        null,
        null,
        null,
        1,
        null,
        null,
        null,
        null,
        1,
        1,
        1,
        1,
        1,
        null,
        1,
        13,
        13,
        null,
        null,
        1,
        4,
        4,
        null,
        null,
        null,
        null,
        null,
        17,
        1,
        1,
        4,
        null,
        1,
        4,
        null,
        1,
        1,
        1,
        1,
        1,
        null,
        null,
        null,
        1,
        1,
        1,
        1,
        1,
        null,
        null,
        1,
        1,
        1,
        1,
        null,
        null,
        null,
        1,
        1,
        1,
        1,
        1,
        null,
        null,
        null,
        1,
        1,
        10,
        10,
        10,
        null,
        1,
        10,
        10,
        null,
        1,
        1,
        1,
        null,
        1,
        1,
        null,
        null,
        null,
        1,
        1,
        1,
        1,
        null,
        null,
        1,
        1,
        1,
        null,
        null,
        null,
        1,
        1,
        1,
        1,
        null,
        null,
        1,
        1,
        1,
        null,
        null,
        null,
        null,
        1,
        1,
        1,
        1,
        1,
        null,
        null,
        1,
        1,
        1,
        1,
        1,
        null,
        null,
        1,
        1,
        1,
        1,
        null,
        null,
        1,
        1,
        1,
        1,
        null,
        null,
        null,
        1,
        1,
        1,
        1,
        1,
        null,
        null,
        1,
        1,
        1,
        1,
        null,
        null,
        null,
        null,
        null,
        1,
        1,
        1,
        1,
        1,
        null,
        null,
        null,
        1,
        1,
        1,
        1,
        null,
        null,
        null,
        null,
        null
      ],
      "/Users/bagus/websites/megabar/app/controllers/mega_bar/textboxes_controller.rb": [
        1,
        1,
        1,
        null,
        null
      ],
      "/Users/bagus/websites/megabar/spec/controllers/textreads_controller_spec.rb": [
        1,
        1,
        null,
        null,
        null,
        null,
        null,
        null,
        null,
        null,
        null,
        null,
        null,
        null,
        null,
        null,
        null,
        null,
        null,
        null,
        1,
        null,
        null,
        null,
        null,
        1,
        1,
        1,
        1,
        1,
        null,
        1,
        13,
        13,
        null,
        null,
        1,
        4,
        4,
        null,
        null,
        null,
        null,
        null,
        17,
        1,
        1,
        4,
        null,
        1,
        4,
        null,
        1,
        1,
        1,
        1,
        1,
        null,
        null,
        null,
        1,
        1,
        1,
        1,
        1,
        null,
        null,
        1,
        1,
        1,
        1,
        null,
        null,
        null,
        1,
        1,
        1,
        1,
        1,
        null,
        null,
        null,
        1,
        1,
        10,
        10,
        10,
        null,
        1,
        10,
        10,
        null,
        1,
        1,
        1,
        null,
        1,
        1,
        null,
        null,
        null,
        1,
        1,
        1,
        1,
        null,
        null,
        1,
        1,
        1,
        null,
        null,
        null,
        1,
        1,
        1,
        1,
        null,
        null,
        1,
        1,
        1,
        null,
        null,
        null,
        null,
        1,
        1,
        1,
        1,
        1,
        null,
        null,
        1,
        1,
        1,
        1,
        1,
        null,
        null,
        1,
        1,
        1,
        1,
        null,
        null,
        1,
        1,
        1,
        1,
        null,
        null,
        null,
        1,
        1,
        1,
        1,
        1,
        null,
        null,
        1,
        1,
        1,
        1,
        null,
        null,
        null,
        null,
        null,
        1,
        1,
        1,
        1,
        1,
        null,
        null,
        null,
        1,
        1,
        1,
        1,
        null,
        null,
        null,
        null,
        null
      ],
      "/Users/bagus/websites/megabar/app/controllers/mega_bar/textreads_controller.rb": [
        1,
        1,
        1,
        null,
        null
      ],
      "/Users/bagus/websites/megabar/spec/megabar_spec.rb": [
        1,
        null,
        1,
        1,
        0,
        null,
        null
      ],
      "/Users/bagus/websites/megabar/spec/models/field_display_spec.rb": [
        1,
        1,
        1,
        1,
        1,
        null,
        null,
        null
      ],
      "/Users/bagus/websites/megabar/spec/models/field_spec.rb": [
        1,
        1,
        1,
        1,
        1,
        1,
        1,
        null,
        null,
        null
      ],
      "/Users/bagus/websites/megabar/spec/models/model_display_format_spec.rb": [
        1,
        1,
        1,
        1,
        1,
        null,
        null,
        null
      ],
      "/Users/bagus/websites/megabar/spec/models/model_display_spec.rb": [
        1,
        1,
        1,
        1,
        1,
        null,
        null,
        null
      ],
      "/Users/bagus/websites/megabar/spec/models/model_spec.rb": [
        1,
        1,
        1,
        1,
        1,
        1,
        1,
        null,
        null,
        null
      ],
      "/Users/bagus/websites/megabar/spec/models/textbox_spec.rb": [
        1,
        1,
        1,
        1,
        1,
        null,
        null,
        null
      ],
      "/Users/bagus/websites/megabar/spec/models/textread_spec.rb": [
        1,
        1,
        1,
        1,
        1,
        null,
        null,
        null
      ]
    },
    "timestamp": 1423531223
  }
}
